<?xml version="1.0" encoding="UTF-8"?>
<!-- Generated by org.testng.reporters.JUnitXMLReporter -->
<testsuite ignored="0" hostname="AS-PC-23" failures="21" tests="115" name="Test" time="22.377" errors="0" timestamp="2025-02-04T11:55:34 IST">
  <testcase classname="testcases.LoginTestCases" name="verifySuccessfulLogin" time="4.285"/>
  <testcase classname="testcases.LoginTestCases" name="verifyLoginWithIncorrectPassword" time="0.265"/>
  <testcase classname="testcases.LoginTestCases" name="verifyLoginWithIncorrectEmail" time="0.167"/>
  <testcase classname="testcases.LoginTestCases" name="verifyLoginWithEmptyCredentials" time="0.08"/>
  <testcase classname="testcases.projects.CreateProjectTestCases" name="verifyCreateProject" time="1.319"/>
  <testcase classname="testcases.projects.CreateProjectTestCases" name="verifyCreateProjectWithEmptyProjectName" time="0.086"/>
  <testcase classname="testcases.projects.CreateProjectTestCases" name="verifyCreateProjectWithInvalidStartDate" time="0.077"/>
  <testcase classname="testcases.projects.CreateProjectTestCases" name="verifyCreateProjectWithEndDateBeforeStartDate" time="0.141">
    <failure type="java.lang.AssertionError" message="Project should not be created with end date before start date did not expect [200] but found [200]">
      <![CDATA[java.lang.AssertionError: Project should not be created with end date before start date did not expect [200] but found [200]
at testcases.projects.CreateProjectTestCases.verifyCreateProjectWithEndDateBeforeStartDate(CreateProjectTestCases.java:138)
at java.base/java.util.ArrayList.forEach(ArrayList.java:1511)
... Removed 31 stack frames]]>
    </failure>
  </testcase> <!-- verifyCreateProjectWithEndDateBeforeStartDate -->
  <testcase classname="testcases.projects.CreateProjectTestCases" name="verifyCreateProjectWithoutAuthorizationToken" time="0.072"/>
  <testcase classname="testcases.projects.CreateProjectTestCases" name="verifyCreateProjectWithInvalidProjectPriority" time="0.15">
    <failure type="java.lang.AssertionError" message="Project should not be created with invalid project priority did not expect [200] but found [200]">
      <![CDATA[java.lang.AssertionError: Project should not be created with invalid project priority did not expect [200] but found [200]
at testcases.projects.CreateProjectTestCases.verifyCreateProjectWithInvalidProjectPriority(CreateProjectTestCases.java:190)
at java.base/java.util.ArrayList.forEach(ArrayList.java:1511)
... Removed 31 stack frames]]>
    </failure>
  </testcase> <!-- verifyCreateProjectWithInvalidProjectPriority -->
  <testcase classname="testcases.projects.GetProjectCardViewTestCases" name="verifyGetProjectCardView" time="0.245"/>
  <testcase classname="testcases.projects.GetProjectCardViewTestCases" name="verifyGetProjectCardViewWithInvalidToken" time="0.07"/>
  <testcase classname="testcases.projects.GetProjectCardViewTestCases" name="verifyGetProjectCardViewWithoutTenantId" time="0.073"/>
  <testcase classname="testcases.projects.GetProjectPriorityTestCases" name="verifyGetProjectPriorities" time="0.057"/>
  <testcase classname="testcases.projects.GetProjectPriorityTestCases" name="verifyGetProjectPrioritiesWithInvalidAccessToken" time="0.08">
    <failure type="java.lang.AssertionError" message="Expected failure with invalid access token did not expect [200] but found [200]">
      <![CDATA[java.lang.AssertionError: Expected failure with invalid access token did not expect [200] but found [200]
at testcases.projects.GetProjectPriorityTestCases.verifyGetProjectPrioritiesWithInvalidAccessToken(GetProjectPriorityTestCases.java:67)
at java.base/java.util.ArrayList.forEach(ArrayList.java:1511)
... Removed 31 stack frames]]>
    </failure>
  </testcase> <!-- verifyGetProjectPrioritiesWithInvalidAccessToken -->
  <testcase classname="testcases.projects.GetProjectPriorityTestCases" name="verifyGetProjectPrioritiesWithInvalidTenantId" time="0.055">
    <failure type="java.lang.AssertionError" message="Expected failure with invalid tenant id did not expect [200] but found [200]">
      <![CDATA[java.lang.AssertionError: Expected failure with invalid tenant id did not expect [200] but found [200]
at testcases.projects.GetProjectPriorityTestCases.verifyGetProjectPrioritiesWithInvalidTenantId(GetProjectPriorityTestCases.java:85)
at java.base/java.util.ArrayList.forEach(ArrayList.java:1511)
... Removed 31 stack frames]]>
    </failure>
  </testcase> <!-- verifyGetProjectPrioritiesWithInvalidTenantId -->
  <testcase classname="testcases.projects.GetProjectPriorityTestCases" name="verifyGetProjectPrioritiesWithoutAccessToken" time="0.085">
    <failure type="java.lang.AssertionError" message="Expected failure without access token did not expect [200] but found [200]">
      <![CDATA[java.lang.AssertionError: Expected failure without access token did not expect [200] but found [200]
at testcases.projects.GetProjectPriorityTestCases.verifyGetProjectPrioritiesWithoutAccessToken(GetProjectPriorityTestCases.java:103)
at java.base/java.util.ArrayList.forEach(ArrayList.java:1511)
... Removed 31 stack frames]]>
    </failure>
  </testcase> <!-- verifyGetProjectPrioritiesWithoutAccessToken -->
  <testcase classname="testcases.projects.GetProjectIdTestCases" name="verifyGetProjectDetails" time="0.085"/>
  <testcase classname="testcases.projects.GetProjectIdTestCases" name="verifyGetProjectDetailsWithInvalidAccessToken" time="0.38"/>
  <testcase classname="testcases.projects.GetProjectIdTestCases" name="verifyGetProjectDetailsWithInvalidTenantId" time="0.452"/>
  <testcase classname="testcases.projects.GetProjectIdTestCases" name="verifyGetProjectDetailsWithoutAccessToken" time="0.045"/>
  <testcase classname="testcases.projects.GetProjectIdTestCases" name="verifyGetProjectDetailsWithInvalidProjectIds" time="1.029"/>
  <testcase classname="testcases.projects.UpdateProjectByIdTestCases" name="verifyUpdateProjectById" time="0.116"/>
  <testcase classname="testcases.projects.UpdateProjectByIdTestCases" name="verifyUpdateProjectByIdWithInvalidProjectIds" time="0.185"/>
  <testcase classname="testcases.projects.UpdateProjectByIdTestCases" name="verifyUpdateProjectByIdWithInvalidAccessToken" time="0.05"/>
  <testcase classname="testcases.projects.UpdateProjectByIdTestCases" name="verifyUpdateProjectByIdWithInvalidTenantId" time="0.055"/>
  <testcase classname="testcases.projects.UpdateProjectByIdTestCases" name="verifyUpdateProjectByIdWithoutAccessToken" time="0.046"/>
  <testcase classname="testcases.projects.DeleteProjectByIdTestCases" name="verifyDeleteProjectById" time="0.052">
    <failure type="java.lang.AssertionError" message="Failed to delete project expected [200] but found [404]">
      <![CDATA[java.lang.AssertionError: Failed to delete project expected [200] but found [404]
at testcases.projects.DeleteProjectByIdTestCases.verifyDeleteProjectById(DeleteProjectByIdTestCases.java:44)
at java.base/java.util.ArrayList.forEach(ArrayList.java:1511)
... Removed 32 stack frames]]>
    </failure>
  </testcase> <!-- verifyDeleteProjectById -->
  <testcase classname="testcases.projects.DeleteProjectByIdTestCases" name="verifyDeleteProjectByIdWithInvalidProjectIds" time="0.159"/>
  <testcase classname="testcases.projects.DeleteProjectByIdTestCases" name="verifyDeleteProjectByIdWithInvalidAccessToken" time="0.038"/>
  <testcase classname="testcases.projects.DeleteProjectByIdTestCases" name="verifyDeleteProjectByIdWithInvalidTenantId" time="0.059"/>
  <testcase classname="testcases.projects.DeleteProjectByIdTestCases" name="verifyDeleteProjectByIdWithoutAccessToken" time="0.05"/>
  <testcase classname="testcases.projects.GetProjectBudgetTestCases" name="verifyGetProjectBudget" time="0.078"/>
  <testcase classname="testcases.projects.GetProjectBudgetTestCases" name="verifyGetProjectBudgetWithInvalidProjectIds" time="0.152"/>
  <testcase classname="testcases.projects.GetProjectBudgetTestCases" name="verifyGetProjectBudgetWithInvalidAccessToken" time="0.032"/>
  <testcase classname="testcases.projects.GetProjectBudgetTestCases" name="verifyGetProjectBudgetWithInvalidTenantId" time="0.054"/>
  <testcase classname="testcases.projects.GetProjectBudgetTestCases" name="verifyGetProjectBudgetWithoutAccessToken" time="0.061"/>
  <testcase classname="testcases.projects.UpdateProjectBudgetTestCases" name="verifyUpdateProjectBudget" time="0.088"/>
  <testcase classname="testcases.projects.UpdateProjectBudgetTestCases" name="verifyUpdateProjectBudgetWithInvalidProjectIds" time="1.028"/>
  <testcase classname="testcases.projects.UpdateProjectBudgetTestCases" name="verifyUpdateProjectBudgetWithInvalidAccessToken" time="0.228"/>
  <testcase classname="testcases.projects.UpdateProjectBudgetTestCases" name="verifyUpdateProjectBudgetWithInvalidTenantId" time="0.048"/>
  <testcase classname="testcases.projects.UpdateProjectBudgetTestCases" name="verifyUpdateProjectBudgetWithoutAccessToken" time="0.052"/>
  <testcase classname="testcases.projects.UpdateProjectBudgetTestCases" name="verifyUpdateProjectBudgetWithNegativeAndStringValues" time="0.107">
    <failure type="java.lang.AssertionError" message="Project should not be updated with negative values did not expect [200] but found [200]">
      <![CDATA[java.lang.AssertionError: Project should not be updated with negative values did not expect [200] but found [200]
at testcases.projects.UpdateProjectBudgetTestCases.verifyUpdateProjectBudgetWithNegativeAndStringValues(UpdateProjectBudgetTestCases.java:203)
at java.base/java.util.ArrayList.forEach(ArrayList.java:1511)
... Removed 31 stack frames]]>
    </failure>
  </testcase> <!-- verifyUpdateProjectBudgetWithNegativeAndStringValues -->
  <testcase classname="testcases.projects.UpdateProjectBudgetTestCases" name="verifyUpdateProjectBudgetWithInvalidToleranceValues" time="0.106">
    <failure type="java.lang.AssertionError" message="Project should not be updated with invalid tolerance values did not expect [200] but found [200]">
      <![CDATA[java.lang.AssertionError: Project should not be updated with invalid tolerance values did not expect [200] but found [200]
at testcases.projects.UpdateProjectBudgetTestCases.verifyUpdateProjectBudgetWithInvalidToleranceValues(UpdateProjectBudgetTestCases.java:232)
at java.base/java.util.ArrayList.forEach(ArrayList.java:1511)
... Removed 31 stack frames]]>
    </failure>
  </testcase> <!-- verifyUpdateProjectBudgetWithInvalidToleranceValues -->
  <testcase classname="testcases.projects.UpdateProjectBudgetTestCases" name="verifyUpdateProjectBudgetWithInvalidCurrencyCode" time="0.092">
    <failure type="java.lang.AssertionError" message="Project should not be updated with positive number as currency code did not expect [200] but found [200]">
      <![CDATA[java.lang.AssertionError: Project should not be updated with positive number as currency code did not expect [200] but found [200]
at testcases.projects.UpdateProjectBudgetTestCases.verifyUpdateProjectBudgetWithInvalidCurrencyCode(UpdateProjectBudgetTestCases.java:259)
at java.base/java.util.ArrayList.forEach(ArrayList.java:1511)
... Removed 31 stack frames]]>
    </failure>
  </testcase> <!-- verifyUpdateProjectBudgetWithInvalidCurrencyCode -->
  <testcase classname="testcases.projects.DeleteProjectBudgetTestCases" name="verifyDeleteProjectBudget" time="0.077"/>
  <testcase classname="testcases.projects.DeleteProjectBudgetTestCases" name="verifyDeleteProjectBudgetWithInvalidProjectIds" time="0.181"/>
  <testcase classname="testcases.projects.DeleteProjectBudgetTestCases" name="verifyDeleteProjectBudgetWithInvalidAccessToken" time="0.036"/>
  <testcase classname="testcases.projects.DeleteProjectBudgetTestCases" name="verifyDeleteProjectBudgetWithInvalidTenantId" time="0.034"/>
  <testcase classname="testcases.projects.DeleteProjectBudgetTestCases" name="verifyDeleteProjectBudgetWithoutAccessToken" time="0.042"/>
  <testcase classname="testcases.projects.CreateProjectMemberTestCases" name="verifyCreateProjectMember" time="0.089"/>
  <testcase classname="testcases.projects.CreateProjectMemberTestCases" name="verifyCreateProjectMemberWithInvalidResourceId" time="0.159"/>
  <testcase classname="testcases.projects.CreateProjectMemberTestCases" name="verifyCreateProjectMemberWithInvalidProjectIds" time="0.109">
    <failure type="java.lang.AssertionError" message="Expected failure with invalid project ID: 12345 did not expect [200] but found [200]">
      <![CDATA[java.lang.AssertionError: Expected failure with invalid project ID: 12345 did not expect [200] but found [200]
at testcases.projects.CreateProjectMemberTestCases.verifyCreateProjectMemberWithInvalidProjectIds(CreateProjectMemberTestCases.java:95)
at java.base/java.util.ArrayList.forEach(ArrayList.java:1511)
... Removed 31 stack frames]]>
    </failure>
  </testcase> <!-- verifyCreateProjectMemberWithInvalidProjectIds -->
  <testcase classname="testcases.projects.CreateProjectMemberTestCases" name="verifyCreateProjectMemberWithInvalidAccessToken" time="0.042"/>
  <testcase classname="testcases.projects.CreateProjectMemberTestCases" name="verifyCreateProjectMemberWithInvalidTenantId" time="0.04"/>
  <testcase classname="testcases.projects.CreateProjectMemberTestCases" name="verifyCreateProjectMemberWithoutAccessToken" time="0.035"/>
  <testcase classname="testcases.projects.UpdateProjectManagerTestCases" name="verifyUpdateProjectManager" time="0.08"/>
  <testcase classname="testcases.projects.UpdateProjectManagerTestCases" name="verifyUpdateProjectManagerWithInvalidProjectId" time="0.152"/>
  <testcase classname="testcases.projects.UpdateProjectManagerTestCases" name="verifyUpdateProjectManagerWithInvalidAccessToken" time="0.039"/>
  <testcase classname="testcases.projects.UpdateProjectManagerTestCases" name="verifyUpdateProjectManagerWithInvalidManagerId" time="0.924"/>
  <testcase classname="testcases.projects.UpdateProjectManagerTestCases" name="verifyUpdateProjectManagerWithInvalidTenantId" time="0.056"/>
  <testcase classname="testcases.projects.UpdateProjectManagerTestCases" name="verifyUpdateProjectManagerWithoutAccessToken" time="0.837"/>
  <testcase classname="testcases.projects.DeleteProjectMemberTestCases" name="verifyDeleteProjectMember" time="0.049"/>
  <testcase classname="testcases.projects.DeleteProjectMemberTestCases" name="verifyDeleteProjectMemberWithInvalidProjectId" time="0.049">
    <failure type="java.lang.AssertionError" message="Expected failure with invalid project ID: 12345 did not expect [200] but found [200]">
      <![CDATA[java.lang.AssertionError: Expected failure with invalid project ID: 12345 did not expect [200] but found [200]
at testcases.projects.DeleteProjectMemberTestCases.verifyDeleteProjectMemberWithInvalidProjectId(DeleteProjectMemberTestCases.java:51)
at java.base/java.util.ArrayList.forEach(ArrayList.java:1511)
... Removed 31 stack frames]]>
    </failure>
  </testcase> <!-- verifyDeleteProjectMemberWithInvalidProjectId -->
  <testcase classname="testcases.projects.DeleteProjectMemberTestCases" name="verifyDeleteProjectMemberWithInvalidMemberId" time="0.047">
    <failure type="java.lang.AssertionError" message="Expected failure with invalid member ID: 99999 did not expect [200] but found [200]">
      <![CDATA[java.lang.AssertionError: Expected failure with invalid member ID: 99999 did not expect [200] but found [200]
at testcases.projects.DeleteProjectMemberTestCases.verifyDeleteProjectMemberWithInvalidMemberId(DeleteProjectMemberTestCases.java:70)
at java.base/java.util.ArrayList.forEach(ArrayList.java:1511)
... Removed 31 stack frames]]>
    </failure>
  </testcase> <!-- verifyDeleteProjectMemberWithInvalidMemberId -->
  <testcase classname="testcases.projects.DeleteProjectMemberTestCases" name="verifyDeleteProjectMemberWithInvalidAccessToken" time="0.028"/>
  <testcase classname="testcases.projects.DeleteProjectMemberTestCases" name="verifyDeleteProjectMemberWithInvalidTenantId" time="0.039"/>
  <testcase classname="testcases.projects.DeleteProjectMemberTestCases" name="verifyDeleteProjectMemberWithoutAccessToken" time="0.034"/>
  <testcase classname="testcases.projects.GetProjectManagerTestCases" name="verifyGetProjectManager" time="0.041"/>
  <testcase classname="testcases.projects.GetProjectManagerTestCases" name="verifyGetProjectManagerWithInvalidProjectIds" time="0.123"/>
  <testcase classname="testcases.projects.GetProjectManagerTestCases" name="verifyGetProjectManagerWithInvalidAccessToken" time="0.027"/>
  <testcase classname="testcases.projects.GetProjectManagerTestCases" name="verifyGetProjectManagerWithInvalidTenantId" time="0.039"/>
  <testcase classname="testcases.projects.GetProjectManagerTestCases" name="verifyGetProjectManagerWithoutAccessToken" time="0.043"/>
  <testcase classname="testcases.projects.MultiUpdateProjectMembersTestCases" name="verifyMultiUpdateProjectMembers" time="0.062"/>
  <testcase classname="testcases.projects.MultiUpdateProjectMembersTestCases" name="verifyMultiUpdateProjectMembersWithInvalidProjectId" time="0.063">
    <failure type="java.lang.AssertionError" message="Expected failure with invalid project ID: -20 did not expect [200] but found [200]">
      <![CDATA[java.lang.AssertionError: Expected failure with invalid project ID: -20 did not expect [200] but found [200]
at testcases.projects.MultiUpdateProjectMembersTestCases.verifyMultiUpdateProjectMembersWithInvalidProjectId(MultiUpdateProjectMembersTestCases.java:69)
at java.base/java.util.ArrayList.forEach(ArrayList.java:1511)
... Removed 31 stack frames]]>
    </failure>
  </testcase> <!-- verifyMultiUpdateProjectMembersWithInvalidProjectId -->
  <testcase classname="testcases.projects.MultiUpdateProjectMembersTestCases" name="verifyMultiUpdateProjectMembersWithoutAccessToken" time="0.054"/>
  <testcase classname="testcases.projects.MultiUpdateProjectMembersTestCases" name="verifyMultiUpdateProjectMembersWithInvalidTenantId" time="0.047"/>
  <testcase classname="testcases.projects.GetAllProjectMemberTestCases" name="verifyGetAllProjectMembers" time="0.05"/>
  <testcase classname="testcases.projects.GetAllProjectMemberTestCases" name="verifyGetAllProjectMembersWithInvalidProjectId" time="0.052">
    <failure type="java.lang.AssertionError" message="Expected failure with invalid project ID: 12345 did not expect [200] but found [200]">
      <![CDATA[java.lang.AssertionError: Expected failure with invalid project ID: 12345 did not expect [200] but found [200]
at testcases.projects.GetAllProjectMemberTestCases.verifyGetAllProjectMembersWithInvalidProjectId(GetAllProjectMemberTestCases.java:76)
at java.base/java.util.ArrayList.forEach(ArrayList.java:1511)
... Removed 31 stack frames]]>
    </failure>
  </testcase> <!-- verifyGetAllProjectMembersWithInvalidProjectId -->
  <testcase classname="testcases.projects.GetAllProjectMemberTestCases" name="verifyGetAllProjectMembersWithInvalidResourceIds" time="0.148"/>
  <testcase classname="testcases.projects.GetAllProjectMemberTestCases" name="verifyGetAllProjectMembersWithInvalidAccessToken" time="0.032"/>
  <testcase classname="testcases.projects.GetAllProjectMemberTestCases" name="verifyGetAllProjectMembersWithoutAccessToken" time="0.033"/>
  <testcase classname="testcases.projects.DeleteProjectManagerTestCases" name="verifyDeleteProjectManager" time="0.076"/>
  <testcase classname="testcases.projects.DeleteProjectManagerTestCases" name="verifyDeleteProjectManagerWithInvalidAccessToken" time="0.034"/>
  <testcase classname="testcases.projects.DeleteProjectManagerTestCases" name="verifyDeleteProjectManagerWithInvalidTenantId" time="0.035"/>
  <testcase classname="testcases.projects.DeleteProjectManagerTestCases" name="verifyDeleteProjectManagerWithoutAccessToken" time="0.042"/>
  <testcase classname="testcases.projects.DeleteProjectManagerTestCases" name="verifyDeleteProjectManagerWithInvalidProjectIds" time="0.209"/>
  <testcase classname="testcases.projects.GetProjectClientTestCases" name="verifyGetProjectClientDetails" time="0.056"/>
  <testcase classname="testcases.projects.GetProjectClientTestCases" name="verifyGetProjectClientWithInvalidProjectId" time="0.062">
    <failure type="java.lang.AssertionError" message="Expected failure with invalid project ID: 12345 did not expect [200] but found [200]">
      <![CDATA[java.lang.AssertionError: Expected failure with invalid project ID: 12345 did not expect [200] but found [200]
at testcases.projects.GetProjectClientTestCases.verifyGetProjectClientWithInvalidProjectId(GetProjectClientTestCases.java:63)
at java.base/java.util.ArrayList.forEach(ArrayList.java:1511)
... Removed 31 stack frames]]>
    </failure>
  </testcase> <!-- verifyGetProjectClientWithInvalidProjectId -->
  <testcase classname="testcases.projects.GetProjectClientTestCases" name="verifyGetProjectClientWithInvalidAccessToken" time="0.042"/>
  <testcase classname="testcases.projects.GetProjectClientTestCases" name="verifyGetProjectClientWithInvalidTenantId" time="0.037"/>
  <testcase classname="testcases.projects.GetProjectClientTestCases" name="verifyGetProjectClientWithoutAccessToken" time="0.028"/>
  <testcase classname="testcases.projects.UpdateProjectClientTestCases" name="verifyUpdateProjectClient" time="0.072"/>
  <testcase classname="testcases.projects.UpdateProjectClientTestCases" name="verifyUpdateProjectClientWithInvalidProjectId" time="0.067">
    <failure type="java.lang.AssertionError" message="Expected failure with invalid project ID: 12345 did not expect [200] but found [200]">
      <![CDATA[java.lang.AssertionError: Expected failure with invalid project ID: 12345 did not expect [200] but found [200]
at testcases.projects.UpdateProjectClientTestCases.verifyUpdateProjectClientWithInvalidProjectId(UpdateProjectClientTestCases.java:68)
at java.base/java.util.ArrayList.forEach(ArrayList.java:1511)
... Removed 31 stack frames]]>
    </failure>
  </testcase> <!-- verifyUpdateProjectClientWithInvalidProjectId -->
  <testcase classname="testcases.projects.UpdateProjectClientTestCases" name="verifyUpdateProjectClientWithNegativeProjectId" time="0.062">
    <failure type="java.lang.AssertionError" message="Expected failure with invalid project ID: -20 did not expect [200] but found [200]">
      <![CDATA[java.lang.AssertionError: Expected failure with invalid project ID: -20 did not expect [200] but found [200]
at testcases.projects.UpdateProjectClientTestCases.verifyUpdateProjectClientWithNegativeProjectId(UpdateProjectClientTestCases.java:90)
at java.base/java.util.ArrayList.forEach(ArrayList.java:1511)
... Removed 31 stack frames]]>
    </failure>
  </testcase> <!-- verifyUpdateProjectClientWithNegativeProjectId -->
  <testcase classname="testcases.projects.UpdateProjectClientTestCases" name="verifyUpdateProjectClientWithInvalidProjectIdABC" time="0.047">
    <failure type="java.lang.AssertionError" message="Expected failure with invalid project ID: abc did not expect [200] but found [200]">
      <![CDATA[java.lang.AssertionError: Expected failure with invalid project ID: abc did not expect [200] but found [200]
at testcases.projects.UpdateProjectClientTestCases.verifyUpdateProjectClientWithInvalidProjectIdABC(UpdateProjectClientTestCases.java:112)
at java.base/java.util.ArrayList.forEach(ArrayList.java:1511)
... Removed 31 stack frames]]>
    </failure>
  </testcase> <!-- verifyUpdateProjectClientWithInvalidProjectIdABC -->
  <testcase classname="testcases.projects.UpdateProjectClientTestCases" name="verifyUpdateProjectClientWithInvalidAccessToken" time="0.038"/>
  <testcase classname="testcases.projects.UpdateProjectClientTestCases" name="verifyUpdateProjectClientWithInvalidTenantId" time="0.029"/>
  <testcase classname="testcases.projects.UpdateProjectClientTestCases" name="verifyUpdateProjectClientWithoutAccessToken" time="0.038"/>
  <testcase classname="testcases.projects.UpdateProjectClientTestCases" name="verifyUpdateProjectClientWithInvalidClientIds" time="0.068">
    <failure type="java.lang.AssertionError" message="Expected failure with invalid client ID: 1234 did not expect [200] but found [200]">
      <![CDATA[java.lang.AssertionError: Expected failure with invalid client ID: 1234 did not expect [200] but found [200]
at testcases.projects.UpdateProjectClientTestCases.verifyUpdateProjectClientWithInvalidClientIds(UpdateProjectClientTestCases.java:197)
at java.base/java.util.ArrayList.forEach(ArrayList.java:1511)
... Removed 31 stack frames]]>
    </failure>
  </testcase> <!-- verifyUpdateProjectClientWithInvalidClientIds -->
  <testcase classname="testcases.projects.DeleteProjectClientTestCases" name="verifyDeleteProjectClient" time="0.052"/>
  <testcase classname="testcases.projects.DeleteProjectClientTestCases" name="verifyDeleteProjectClientWithInvalidClientIds" time="0.034">
    <failure type="java.lang.AssertionError" message="Expected failure with invalid client ID: 12345 did not expect [200] but found [200]">
      <![CDATA[java.lang.AssertionError: Expected failure with invalid client ID: 12345 did not expect [200] but found [200]
at testcases.projects.DeleteProjectClientTestCases.verifyDeleteProjectClientWithInvalidClientIds(DeleteProjectClientTestCases.java:60)
at java.base/java.util.ArrayList.forEach(ArrayList.java:1511)
... Removed 31 stack frames]]>
    </failure>
  </testcase> <!-- verifyDeleteProjectClientWithInvalidClientIds -->
  <testcase classname="testcases.projects.DeleteProjectClientTestCases" name="verifyDeleteProjectClientWithInvalidAccessToken" time="0.024"/>
  <testcase classname="testcases.projects.DeleteProjectClientTestCases" name="verifyDeleteProjectClientWithInvalidTenantId" time="0.039"/>
  <testcase classname="testcases.projects.DeleteProjectClientTestCases" name="verifyDeleteProjectClientWithoutAccessToken" time="0.029"/>
  <testcase classname="testcases.projectboards.GetProjectBoardTestCases" name="verifyGetProjectBoard" time="0.314">
    <failure type="java.lang.AssertionError" message="Failed to retrieve project board expected [200] but found [404]">
      <![CDATA[java.lang.AssertionError: Failed to retrieve project board expected [200] but found [404]
at testcases.projectboards.GetProjectBoardTestCases.verifyGetProjectBoard(GetProjectBoardTestCases.java:40)
at java.base/java.util.ArrayList.forEach(ArrayList.java:1511)
... Removed 32 stack frames]]>
    </failure>
  </testcase> <!-- verifyGetProjectBoard -->
  <testcase classname="testcases.projectboards.GetProjectBoardTestCases" name="verifyGetProjectBoardWithInvalidAccessToken" time="0.117"/>
  <testcase classname="testcases.projectboards.GetProjectBoardTestCases" name="verifyGetProjectBoardWithInvalidTenantId" time="0.037"/>
  <testcase classname="testcases.projectboards.GetProjectBoardTestCases" name="verifyGetProjectBoardWithoutAccessToken" time="0.034"/>
  <testcase classname="testcases.projectboards.GetProjectBoardByStatusTestCases" name="verifyGetProjectBoardByStatus" time="0.192"/>
  <testcase classname="testcases.projectboards.GetProjectBoardByStatusTestCases" name="verifyGetDoingTasks" time="0.121"/>
  <testcase classname="testcases.projectboards.GetProjectBoardByStatusTestCases" name="verifyGetDoneTasks" time="0.106"/>
  <testcase classname="testcases.projectboards.GetProjectBoardByStatusTestCases" name="verifyGetProjectBoardByStatusWithInvalidAccessToken" time="0.056"/>
  <testcase classname="testcases.projectboards.GetProjectBoardByStatusTestCases" name="verifyGetProjectBoardByStatusWithInvalidTenantId" time="0.063"/>
  <testcase classname="testcases.projectboards.GetProjectBoardByStatusTestCases" name="verifyGetProjectBoardByStatusWithoutAccessToken" time="0.075"/>
</testsuite> <!-- Test -->
